Tue Jun 28 22:50:51 IST 2016  [debug] AvalonLogSystem initialized using logfile 'velocity.log'
Tue Jun 28 22:50:51 IST 2016   [info] ************************************************************** 
Tue Jun 28 22:50:51 IST 2016   [info] Starting Jakarta Velocity v1.4
Tue Jun 28 22:50:51 IST 2016   [info] RuntimeInstance initializing.
Tue Jun 28 22:50:51 IST 2016   [info] Default Properties File: org\apache\velocity\runtime\defaults\velocity.properties
Tue Jun 28 22:50:51 IST 2016   [info] Trying to use logger class org.apache.velocity.runtime.log.AvalonLogSystem
Tue Jun 28 22:50:51 IST 2016   [info] Using logger class org.apache.velocity.runtime.log.AvalonLogSystem
Tue Jun 28 22:50:51 IST 2016   [info] Default ResourceManager initializing. (class org.apache.velocity.runtime.resource.ResourceManagerImpl)
Tue Jun 28 22:50:51 IST 2016   [info] Resource Loader Instantiated: org.apache.velocity.runtime.resource.loader.ClasspathResourceLoader
Tue Jun 28 22:50:51 IST 2016   [info] ClasspathResourceLoader : initialization starting.
Tue Jun 28 22:50:51 IST 2016   [info] ClasspathResourceLoader : initialization complete.
Tue Jun 28 22:50:51 IST 2016   [info] ResourceCache : initialized. (class org.apache.velocity.runtime.resource.ResourceCacheImpl)
Tue Jun 28 22:50:51 IST 2016   [info] Default ResourceManager initialization complete.
Tue Jun 28 22:50:51 IST 2016   [info] Loaded System Directive: org.apache.velocity.runtime.directive.Literal
Tue Jun 28 22:50:51 IST 2016   [info] Loaded System Directive: org.apache.velocity.runtime.directive.Macro
Tue Jun 28 22:50:51 IST 2016   [info] Loaded System Directive: org.apache.velocity.runtime.directive.Parse
Tue Jun 28 22:50:51 IST 2016   [info] Loaded System Directive: org.apache.velocity.runtime.directive.Include
Tue Jun 28 22:50:51 IST 2016   [info] Loaded System Directive: org.apache.velocity.runtime.directive.Foreach
Tue Jun 28 22:50:51 IST 2016   [info] Created: 20 parsers.
Tue Jun 28 22:50:51 IST 2016   [info] Velocimacro : initialization starting.
Tue Jun 28 22:50:51 IST 2016   [info] Velocimacro : adding VMs from VM library template : VM_global_library.vm
Tue Jun 28 22:50:51 IST 2016  [error] ResourceManager : unable to find resource 'VM_global_library.vm' in any resource loader.
Tue Jun 28 22:50:51 IST 2016   [info] Velocimacro : error using  VM library template VM_global_library.vm : org.apache.velocity.exception.ResourceNotFoundException: Unable to find resource 'VM_global_library.vm'
Tue Jun 28 22:50:51 IST 2016   [info] Velocimacro :  VM library template macro registration complete.
Tue Jun 28 22:50:51 IST 2016   [info] Velocimacro : allowInline = true : VMs can be defined inline in templates
Tue Jun 28 22:50:51 IST 2016   [info] Velocimacro : allowInlineToOverride = false : VMs defined inline may NOT replace previous VM definitions
Tue Jun 28 22:50:51 IST 2016   [info] Velocimacro : allowInlineLocal = false : VMs defined inline will be  global in scope if allowed.
Tue Jun 28 22:50:51 IST 2016   [info] Velocimacro : messages on  : VM system will output logging messages
Tue Jun 28 22:50:51 IST 2016   [info] Velocimacro : autoload off  : VM system will not automatically reload global library macros
Tue Jun 28 22:50:51 IST 2016   [info] Velocimacro : initialization complete.
Tue Jun 28 22:50:51 IST 2016   [info] Velocity successfully started.
Tue Jun 28 22:51:20 IST 2016   [info] ResourceManager : found org/uncommons/reportng/templates/html/index.html.vm with loader org.apache.velocity.runtime.resource.loader.ClasspathResourceLoader
Tue Jun 28 22:51:20 IST 2016   [info] ResourceManager : found org/uncommons/reportng/templates/html/overview.html.vm with loader org.apache.velocity.runtime.resource.loader.ClasspathResourceLoader
Tue Jun 28 22:51:20 IST 2016   [info] ResourceManager : found org/uncommons/reportng/templates/html/suites.html.vm with loader org.apache.velocity.runtime.resource.loader.ClasspathResourceLoader
Tue Jun 28 22:51:20 IST 2016   [info] ResourceManager : found org/uncommons/reportng/templates/html/groups.html.vm with loader org.apache.velocity.runtime.resource.loader.ClasspathResourceLoader
Tue Jun 28 22:51:20 IST 2016   [info] ResourceManager : found org/uncommons/reportng/templates/html/results.html.vm with loader org.apache.velocity.runtime.resource.loader.ClasspathResourceLoader
Tue Jun 28 22:51:20 IST 2016   [info] ResourceManager : found org/uncommons/reportng/templates/html/class-results.html.vm with loader org.apache.velocity.runtime.resource.loader.ClasspathResourceLoader
Tue Jun 28 22:51:20 IST 2016   [info] ResourceManager : found org/uncommons/reportng/templates/xml/results.xml.vm with loader org.apache.velocity.runtime.resource.loader.ClasspathResourceLoader
